# JRE version: OpenJDK Runtime Environment (8.0_152-b01) (build 1.8.0_152-release-915-b01)
# Java VM: OpenJDK 64-Bit Server VM (25.152-b01 mixed mode windows-amd64 compressed oops)
Heap:
 PSYoungGen      total 261120K, used 2085K [0x00000000e0000000, 0x00000000f7100000, 0x0000000100000000)
  eden space 197632K, 1% used [0x00000000e0000000,0x00000000e02096f8,0x00000000ec100000)
  from space 63488K, 0% used [0x00000000ec100000,0x00000000ec100000,0x00000000eff00000)
  to   space 75776K, 0% used [0x00000000f2700000,0x00000000f2700000,0x00000000f7100000)
 ParOldGen       total 271360K, used 129618K [0x00000000a0000000, 0x00000000b0900000, 0x00000000e0000000)
  object space 271360K, 47% used [0x00000000a0000000,0x00000000a7e94ab8,0x00000000b0900000)
 Metaspace       used 125335K, capacity 136524K, committed 139496K, reserved 1169408K
  class space    used 15324K, capacity 18405K, committed 19072K, reserved 1048576K
GC Heap History (10 events):
Event: 32191.138 GC heap before
{Heap before GC invocations=94 (full 4):
 PSYoungGen      total 263168K, used 263144K [0x00000000e0000000, 0x00000000f4e80000, 0x0000000100000000)
  eden space 217088K, 100% used [0x00000000e0000000,0x00000000ed400000,0x00000000ed400000)
  from space 46080K, 99% used [0x00000000ed400000,0x00000000f00fa378,0x00000000f0100000)
  to   space 52736K, 0% used [0x00000000f1b00000,0x00000000f1b00000,0x00000000f4e80000)
 ParOldGen       total 188928K, used 153991K [0x00000000a0000000, 0x00000000ab880000, 0x00000000e0000000)
  object space 188928K, 81% used [0x00000000a0000000,0x00000000a9661fb0,0x00000000ab880000)
 Metaspace       used 117195K, capacity 129482K, committed 129752K, reserved 1161216K
  class space    used 14526K, capacity 17861K, committed 17920K, reserved 1048576K
Event: 32191.182 GC heap after
Heap after GC invocations=94 (full 4):
 PSYoungGen      total 253440K, used 42784K [0x00000000e0000000, 0x00000000f4500000, 0x0000000100000000)
  eden space 210432K, 0% used [0x00000000e0000000,0x00000000e0000000,0x00000000ecd80000)
  from space 43008K, 99% used [0x00000000f1b00000,0x00000000f44c8040,0x00000000f4500000)
  to   space 56832K, 0% used [0x00000000ed600000,0x00000000ed600000,0x00000000f0d80000)
 ParOldGen       total 188928K, used 154055K [0x00000000a0000000, 0x00000000ab880000, 0x00000000e0000000)
  object space 188928K, 81% used [0x00000000a0000000,0x00000000a9671fb0,0x00000000ab880000)
 Metaspace       used 117195K, capacity 129482K, committed 129752K, reserved 1161216K
  class space    used 14526K, capacity 17861K, committed 17920K, reserved 1048576K
}
Event: 34270.460 GC heap before
{Heap before GC invocations=95 (full 4):
 PSYoungGen      total 253440K, used 253216K [0x00000000e0000000, 0x00000000f4500000, 0x0000000100000000)
  eden space 210432K, 100% used [0x00000000e0000000,0x00000000ecd80000,0x00000000ecd80000)
  from space 43008K, 99% used [0x00000000f1b00000,0x00000000f44c8040,0x00000000f4500000)
  to   space 56832K, 0% used [0x00000000ed600000,0x00000000ed600000,0x00000000f0d80000)
 ParOldGen       total 188928K, used 154055K [0x00000000a0000000, 0x00000000ab880000, 0x00000000e0000000)
  object space 188928K, 81% used [0x00000000a0000000,0x00000000a9671fb0,0x00000000ab880000)
 Metaspace       used 117244K, capacity 129602K, committed 129752K, reserved 1161216K
  class space    used 14537K, capacity 17901K, committed 17920K, reserved 1048576K
Event: 34270.627 GC heap after
Heap after GC invocations=95 (full 4):
 PSYoungGen      total 247808K, used 43836K [0x00000000e0000000, 0x00000000f3c00000, 0x0000000100000000)
  eden space 203776K, 0% used [0x00000000e0000000,0x00000000e0000000,0x00000000ec700000)
  from space 44032K, 99% used [0x00000000ed600000,0x00000000f00cf070,0x00000000f0100000)
  to   space 59904K, 0% used [0x00000000f0180000,0x00000000f0180000,0x00000000f3c00000)
 ParOldGen       total 188928K, used 154055K [0x00000000a0000000, 0x00000000ab880000, 0x00000000e0000000)
  object space 188928K, 81% used [0x00000000a0000000,0x00000000a9671fb0,0x00000000ab880000)
 Metaspace       used 117244K, capacity 129602K, committed 129752K, reserved 1161216K
  class space    used 14537K, capacity 17901K, committed 17920K, reserved 1048576K
}
Event: 34335.114 GC heap before
{Heap before GC invocations=96 (full 4):
 PSYoungGen      total 247808K, used 247612K [0x00000000e0000000, 0x00000000f3c00000, 0x0000000100000000)
  eden space 203776K, 100% used [0x00000000e0000000,0x00000000ec700000,0x00000000ec700000)
  from space 44032K, 99% used [0x00000000ed600000,0x00000000f00cf070,0x00000000f0100000)
  to   space 59904K, 0% used [0x00000000f0180000,0x00000000f0180000,0x00000000f3c00000)
 ParOldGen       total 188928K, used 154055K [0x00000000a0000000, 0x00000000ab880000, 0x00000000e0000000)
  object space 188928K, 81% used [0x00000000a0000000,0x00000000a9671fb0,0x00000000ab880000)
 Metaspace       used 122530K, capacity 135014K, committed 135256K, reserved 1165312K
  class space    used 15144K, capacity 18557K, committed 18560K, reserved 1048576K
Event: 34335.276 GC heap after
Heap after GC invocations=96 (full 4):
 PSYoungGen      total 257536K, used 47432K [0x00000000e0000000, 0x00000000f3d00000, 0x0000000100000000)
  eden space 197632K, 0% used [0x00000000e0000000,0x00000000e0000000,0x00000000ec100000)
  from space 59904K, 79% used [0x00000000f0180000,0x00000000f2fd2220,0x00000000f3c00000)
  to   space 63488K, 0% used [0x00000000ec100000,0x00000000ec100000,0x00000000eff00000)
 ParOldGen       total 188928K, used 154063K [0x00000000a0000000, 0x00000000ab880000, 0x00000000e0000000)
  object space 188928K, 81% used [0x00000000a0000000,0x00000000a9673fb0,0x00000000ab880000)
 Metaspace       used 122530K, capacity 135014K, committed 135256K, reserved 1165312K
  class space    used 15144K, capacity 18557K, committed 18560K, reserved 1048576K
}
Event: 34340.120 GC heap before
{Heap before GC invocations=97 (full 4):
 PSYoungGen      total 257536K, used 237042K [0x00000000e0000000, 0x00000000f3d00000, 0x0000000100000000)
  eden space 197632K, 95% used [0x00000000e0000000,0x00000000eb92a768,0x00000000ec100000)
  from space 59904K, 79% used [0x00000000f0180000,0x00000000f2fd2220,0x00000000f3c00000)
  to   space 63488K, 0% used [0x00000000ec100000,0x00000000ec100000,0x00000000eff00000)
 ParOldGen       total 188928K, used 154063K [0x00000000a0000000, 0x00000000ab880000, 0x00000000e0000000)
  object space 188928K, 81% used [0x00000000a0000000,0x00000000a9673fb0,0x00000000ab880000)
 Metaspace       used 126632K, capacity 139122K, committed 139240K, reserved 1169408K
  class space    used 15588K, capacity 19013K, committed 19072K, reserved 1048576K
Event: 34340.588 GC heap after
Heap after GC invocations=97 (full 4):
 PSYoungGen      total 261120K, used 63457K [0x00000000e0000000, 0x00000000f7100000, 0x0000000100000000)
  eden space 197632K, 0% used [0x00000000e0000000,0x00000000e0000000,0x00000000ec100000)
  from space 63488K, 99% used [0x00000000ec100000,0x00000000efef85d0,0x00000000eff00000)
  to   space 75776K, 0% used [0x00000000f2700000,0x00000000f2700000,0x00000000f7100000)
 ParOldGen       total 188928K, used 162435K [0x00000000a0000000, 0x00000000ab880000, 0x00000000e0000000)
  object space 188928K, 85% used [0x00000000a0000000,0x00000000a9ea0c18,0x00000000ab880000)
 Metaspace       used 126632K, capacity 139122K, committed 139240K, reserved 1169408K
  class space    used 15588K, capacity 19013K, committed 19072K, reserved 1048576K
}
Event: 34340.589 GC heap before
{Heap before GC invocations=98 (full 5):
 PSYoungGen      total 261120K, used 63457K [0x00000000e0000000, 0x00000000f7100000, 0x0000000100000000)
  eden space 197632K, 0% used [0x00000000e0000000,0x00000000e0000000,0x00000000ec100000)
  from space 63488K, 99% used [0x00000000ec100000,0x00000000efef85d0,0x00000000eff00000)
  to   space 75776K, 0% used [0x00000000f2700000,0x00000000f2700000,0x00000000f7100000)
 ParOldGen       total 188928K, used 162435K [0x00000000a0000000, 0x00000000ab880000, 0x00000000e0000000)
  object space 188928K, 85% used [0x00000000a0000000,0x00000000a9ea0c18,0x00000000ab880000)
 Metaspace       used 126632K, capacity 139122K, committed 139240K, reserved 1169408K
  class space    used 15588K, capacity 19013K, committed 19072K, reserved 1048576K
Event: 34343.003 GC heap after
Heap after GC invocations=98 (full 5):
 PSYoungGen      total 261120K, used 0K [0x00000000e0000000, 0x00000000f7100000, 0x0000000100000000)
  eden space 197632K, 0% used [0x00000000e0000000,0x00000000e0000000,0x00000000ec100000)
  from space 63488K, 0% used [0x00000000ec100000,0x00000000ec100000,0x00000000eff00000)
  to   space 75776K, 0% used [0x00000000f2700000,0x00000000f2700000,0x00000000f7100000)
 ParOldGen       total 271360K, used 129618K [0x00000000a0000000, 0x00000000b0900000, 0x00000000e0000000)
  object space 271360K, 47% used [0x00000000a0000000,0x00000000a7e94ab8,0x00000000b0900000)
 Metaspace       used 124993K, capacity 136140K, committed 139240K, reserved 1169408K
  class space    used 15249K, capacity 18341K, committed 19072K, reserved 1048576K
}

