# JRE version: OpenJDK Runtime Environment (8.0_152-b01) (build 1.8.0_152-release-915-b01)
# Java VM: OpenJDK 64-Bit Server VM (25.152-b01 mixed mode windows-amd64 compressed oops)
Heap:
 PSYoungGen      total 473088K, used 135801K [0x00000000e0000000, 0x00000000ffd80000, 0x0000000100000000)
  eden space 429568K, 24% used [0x00000000e0000000,0x00000000e67bf888,0x00000000fa380000)
  from space 43520K, 67% used [0x00000000fd300000,0x00000000fefdee78,0x00000000ffd80000)
  to   space 46080K, 0% used [0x00000000fa380000,0x00000000fa380000,0x00000000fd080000)
 ParOldGen       total 258048K, used 81884K [0x00000000a0000000, 0x00000000afc00000, 0x00000000e0000000)
  object space 258048K, 31% used [0x00000000a0000000,0x00000000a4ff73e8,0x00000000afc00000)
 Metaspace       used 96914K, capacity 109998K, committed 110040K, reserved 1142784K
  class space    used 12302K, capacity 15864K, committed 15872K, reserved 1048576K
GC Heap History (10 events):
Event: 8039.749 GC heap before
{Heap before GC invocations=100 (full 8):
 PSYoungGen      total 481792K, used 465050K [0x00000000e0000000, 0x0000000100000000, 0x0000000100000000)
  eden space 442880K, 100% used [0x00000000e0000000,0x00000000fb080000,0x00000000fb080000)
  from space 38912K, 56% used [0x00000000fb080000,0x00000000fc626a70,0x00000000fd680000)
  to   space 38400K, 0% used [0x00000000fda80000,0x00000000fda80000,0x0000000100000000)
 ParOldGen       total 258048K, used 78811K [0x00000000a0000000, 0x00000000afc00000, 0x00000000e0000000)
  object space 258048K, 30% used [0x00000000a0000000,0x00000000a4cf6ea0,0x00000000afc00000)
 Metaspace       used 96659K, capacity 109442K, committed 109656K, reserved 1142784K
  class space    used 12259K, capacity 15716K, committed 15744K, reserved 1048576K
Event: 8039.869 GC heap after
Heap after GC invocations=100 (full 8):
 PSYoungGen      total 479744K, used 32816K [0x00000000e0000000, 0x0000000100000000, 0x0000000100000000)
  eden space 441344K, 0% used [0x00000000e0000000,0x00000000e0000000,0x00000000faf00000)
  from space 38400K, 85% used [0x00000000fda80000,0x00000000ffa8c2a8,0x0000000100000000)
  to   space 41472K, 0% used [0x00000000faf00000,0x00000000faf00000,0x00000000fd780000)
 ParOldGen       total 258048K, used 78819K [0x00000000a0000000, 0x00000000afc00000, 0x00000000e0000000)
  object space 258048K, 30% used [0x00000000a0000000,0x00000000a4cf8ea0,0x00000000afc00000)
 Metaspace       used 96659K, capacity 109442K, committed 109656K, reserved 1142784K
  class space    used 12259K, capacity 15716K, committed 15744K, reserved 1048576K
}
Event: 8049.235 GC heap before
{Heap before GC invocations=101 (full 8):
 PSYoungGen      total 479744K, used 474160K [0x00000000e0000000, 0x0000000100000000, 0x0000000100000000)
  eden space 441344K, 100% used [0x00000000e0000000,0x00000000faf00000,0x00000000faf00000)
  from space 38400K, 85% used [0x00000000fda80000,0x00000000ffa8c2a8,0x0000000100000000)
  to   space 41472K, 0% used [0x00000000faf00000,0x00000000faf00000,0x00000000fd780000)
 ParOldGen       total 258048K, used 78819K [0x00000000a0000000, 0x00000000afc00000, 0x00000000e0000000)
  object space 258048K, 30% used [0x00000000a0000000,0x00000000a4cf8ea0,0x00000000afc00000)
 Metaspace       used 96674K, capacity 109474K, committed 109784K, reserved 1142784K
  class space    used 12260K, capacity 15748K, committed 15872K, reserved 1048576K
Event: 8049.346 GC heap after
Heap after GC invocations=101 (full 8):
 PSYoungGen      total 482816K, used 41469K [0x00000000e0000000, 0x0000000100000000, 0x0000000100000000)
  eden space 441344K, 0% used [0x00000000e0000000,0x00000000e0000000,0x00000000faf00000)
  from space 41472K, 99% used [0x00000000faf00000,0x00000000fd77f478,0x00000000fd780000)
  to   space 41472K, 0% used [0x00000000fd780000,0x00000000fd780000,0x0000000100000000)
 ParOldGen       total 258048K, used 81868K [0x00000000a0000000, 0x00000000afc00000, 0x00000000e0000000)
  object space 258048K, 31% used [0x00000000a0000000,0x00000000a4ff33e8,0x00000000afc00000)
 Metaspace       used 96674K, capacity 109474K, committed 109784K, reserved 1142784K
  class space    used 12260K, capacity 15748K, committed 15872K, reserved 1048576K
}
Event: 8053.859 GC heap before
{Heap before GC invocations=102 (full 8):
 PSYoungGen      total 482816K, used 482342K [0x00000000e0000000, 0x0000000100000000, 0x0000000100000000)
  eden space 441344K, 99% used [0x00000000e0000000,0x00000000fae8a6c8,0x00000000faf00000)
  from space 41472K, 99% used [0x00000000faf00000,0x00000000fd77f478,0x00000000fd780000)
  to   space 41472K, 0% used [0x00000000fd780000,0x00000000fd780000,0x0000000100000000)
 ParOldGen       total 258048K, used 81868K [0x00000000a0000000, 0x00000000afc00000, 0x00000000e0000000)
  object space 258048K, 31% used [0x00000000a0000000,0x00000000a4ff33e8,0x00000000afc00000)
 Metaspace       used 96681K, capacity 109542K, committed 109784K, reserved 1142784K
  class space    used 12260K, capacity 15748K, committed 15872K, reserved 1048576K
Event: 8053.968 GC heap after
Heap after GC invocations=102 (full 8):
 PSYoungGen      total 468480K, used 30262K [0x00000000e0000000, 0x0000000100000000, 0x0000000100000000)
  eden space 427008K, 0% used [0x00000000e0000000,0x00000000e0000000,0x00000000fa100000)
  from space 41472K, 72% used [0x00000000fd780000,0x00000000ff50db00,0x0000000100000000)
  to   space 48640K, 0% used [0x00000000fa100000,0x00000000fa100000,0x00000000fd080000)
 ParOldGen       total 258048K, used 81876K [0x00000000a0000000, 0x00000000afc00000, 0x00000000e0000000)
  object space 258048K, 31% used [0x00000000a0000000,0x00000000a4ff53e8,0x00000000afc00000)
 Metaspace       used 96681K, capacity 109542K, committed 109784K, reserved 1142784K
  class space    used 12260K, capacity 15748K, committed 15872K, reserved 1048576K
}
Event: 8071.165 GC heap before
{Heap before GC invocations=103 (full 8):
 PSYoungGen      total 468480K, used 457270K [0x00000000e0000000, 0x0000000100000000, 0x0000000100000000)
  eden space 427008K, 100% used [0x00000000e0000000,0x00000000fa100000,0x00000000fa100000)
  from space 41472K, 72% used [0x00000000fd780000,0x00000000ff50db00,0x0000000100000000)
  to   space 48640K, 0% used [0x00000000fa100000,0x00000000fa100000,0x00000000fd080000)
 ParOldGen       total 258048K, used 81876K [0x00000000a0000000, 0x00000000afc00000, 0x00000000e0000000)
  object space 258048K, 31% used [0x00000000a0000000,0x00000000a4ff53e8,0x00000000afc00000)
 Metaspace       used 96848K, capacity 109866K, committed 110040K, reserved 1142784K
  class space    used 12289K, capacity 15822K, committed 15872K, reserved 1048576K
Event: 8071.247 GC heap after
Heap after GC invocations=103 (full 8):
 PSYoungGen      total 475648K, used 23229K [0x00000000e0000000, 0x0000000100000000, 0x0000000100000000)
  eden space 427008K, 0% used [0x00000000e0000000,0x00000000e0000000,0x00000000fa100000)
  from space 48640K, 47% used [0x00000000fa100000,0x00000000fb7af538,0x00000000fd080000)
  to   space 46080K, 0% used [0x00000000fd300000,0x00000000fd300000,0x0000000100000000)
 ParOldGen       total 258048K, used 81876K [0x00000000a0000000, 0x00000000afc00000, 0x00000000e0000000)
  object space 258048K, 31% used [0x00000000a0000000,0x00000000a4ff53e8,0x00000000afc00000)
 Metaspace       used 96848K, capacity 109866K, committed 110040K, reserved 1142784K
  class space    used 12289K, capacity 15822K, committed 15872K, reserved 1048576K
}
Event: 8074.997 GC heap before
{Heap before GC invocations=104 (full 8):
 PSYoungGen      total 475648K, used 449567K [0x00000000e0000000, 0x0000000100000000, 0x0000000100000000)
  eden space 427008K, 99% used [0x00000000e0000000,0x00000000fa058900,0x00000000fa100000)
  from space 48640K, 47% used [0x00000000fa100000,0x00000000fb7af538,0x00000000fd080000)
  to   space 46080K, 0% used [0x00000000fd300000,0x00000000fd300000,0x0000000100000000)
 ParOldGen       total 258048K, used 81876K [0x00000000a0000000, 0x00000000afc00000, 0x00000000e0000000)
  object space 258048K, 31% used [0x00000000a0000000,0x00000000a4ff53e8,0x00000000afc00000)
 Metaspace       used 96867K, capacity 109878K, committed 110040K, reserved 1142784K
  class space    used 12291K, capacity 15824K, committed 15872K, reserved 1048576K
Event: 8075.036 GC heap after
Heap after GC invocations=104 (full 8):
 PSYoungGen      total 473088K, used 29563K [0x00000000e0000000, 0x00000000ffd80000, 0x0000000100000000)
  eden space 429568K, 0% used [0x00000000e0000000,0x00000000e0000000,0x00000000fa380000)
  from space 43520K, 67% used [0x00000000fd300000,0x00000000fefdee78,0x00000000ffd80000)
  to   space 46080K, 0% used [0x00000000fa380000,0x00000000fa380000,0x00000000fd080000)
 ParOldGen       total 258048K, used 81884K [0x00000000a0000000, 0x00000000afc00000, 0x00000000e0000000)
  object space 258048K, 31% used [0x00000000a0000000,0x00000000a4ff73e8,0x00000000afc00000)
 Metaspace       used 96867K, capacity 109878K, committed 110040K, reserved 1142784K
  class space    used 12291K, capacity 15824K, committed 15872K, reserved 1048576K
}

